<?xml version="1.0" encoding="UTF-8"?>
<!-- Generated by org.testng.reporters.JUnitXMLReporter -->
<testsuite ignored="0" hostname="Preetinders-Air" failures="0" tests="8" name="Surefire test" time="154.726" errors="0" timestamp="2023-07-30T14:51:43 EDT">
  <testcase classname="com.gmail.qa.testcases.HomePageTest" name="@BeforeMethod setUp" time="25.773">
    <failure type="org.openqa.selenium.StaleElementReferenceException" message="stale element reference: stale element not found
  (Session info: chrome=115.0.5790.114)
For documentation on this error, please visit: https://selenium.dev/exceptions/#stale_element_reference
Build info: version: &amp;apos;4.9.1&amp;apos;, revision: &amp;apos;eb2032df7f&amp;apos;
System info: os.name: &amp;apos;Mac OS X&amp;apos;, os.arch: &amp;apos;x86_64&amp;apos;, os.version: &amp;apos;10.16&amp;apos;, java.version: &amp;apos;14.0.2&amp;apos;
Driver info: org.openqa.selenium.chrome.ChromeDriver
Command: [8b3ecf3f905c5bcd39dd39ea5272078b, clickElement {id=E1834DE2426AB302175100BC111B6638_element_9}]
Capabilities {acceptInsecureCerts: false, browserName: chrome, browserVersion: 115.0.5790.114, chrome: {chromedriverVersion: 114.0.5735.90 (386bc09e8f4f..., userDataDir: /var/folders/zv/w7_2m6mj0b1...}, goog:chromeOptions: {debuggerAddress: localhost:57493}, networkConnectionEnabled: false, pageLoadStrategy: normal, platformName: mac, proxy: Proxy(), se:cdp: ws://localhost:57493/devtoo..., se:cdpVersion: 115.0.5790.114, setWindowRect: true, strictFileInteractability: false, timeouts: {implicit: 0, pageLoad: 300000, script: 30000}, unhandledPromptBehavior: dismiss and notify, webauthn:extension:credBlob: true, webauthn:extension:largeBlob: true, webauthn:extension:minPinLength: true, webauthn:extension:prf: true, webauthn:virtualAuthenticators: true}
Element: [[ChromeDriver: chrome on mac (8b3ecf3f905c5bcd39dd39ea5272078b)] -&amp;gt; xpath: //span[text()=&amp;apos;Next&amp;apos;]]
Session ID: 8b3ecf3f905c5bcd39dd39ea5272078b">
      <![CDATA[org.openqa.selenium.StaleElementReferenceException: stale element reference: stale element not found
  (Session info: chrome=115.0.5790.114)
For documentation on this error, please visit: https://selenium.dev/exceptions/#stale_element_reference
Build info: version: '4.9.1', revision: 'eb2032df7f'
System info: os.name: 'Mac OS X', os.arch: 'x86_64', os.version: '10.16', java.version: '14.0.2'
Driver info: org.openqa.selenium.chrome.ChromeDriver
Command: [8b3ecf3f905c5bcd39dd39ea5272078b, clickElement {id=E1834DE2426AB302175100BC111B6638_element_9}]
Capabilities {acceptInsecureCerts: false, browserName: chrome, browserVersion: 115.0.5790.114, chrome: {chromedriverVersion: 114.0.5735.90 (386bc09e8f4f..., userDataDir: /var/folders/zv/w7_2m6mj0b1...}, goog:chromeOptions: {debuggerAddress: localhost:57493}, networkConnectionEnabled: false, pageLoadStrategy: normal, platformName: mac, proxy: Proxy(), se:cdp: ws://localhost:57493/devtoo..., se:cdpVersion: 115.0.5790.114, setWindowRect: true, strictFileInteractability: false, timeouts: {implicit: 0, pageLoad: 300000, script: 30000}, unhandledPromptBehavior: dismiss and notify, webauthn:extension:credBlob: true, webauthn:extension:largeBlob: true, webauthn:extension:minPinLength: true, webauthn:extension:prf: true, webauthn:virtualAuthenticators: true}
Element: [[ChromeDriver: chrome on mac (8b3ecf3f905c5bcd39dd39ea5272078b)] -> xpath: //span[text()='Next']]
Session ID: 8b3ecf3f905c5bcd39dd39ea5272078b
at org.openqa.selenium.remote.codec.w3c.W3CHttpResponseCodec.createException(W3CHttpResponseCodec.java:200)
at org.openqa.selenium.remote.codec.w3c.W3CHttpResponseCodec.decode(W3CHttpResponseCodec.java:133)
at org.openqa.selenium.remote.codec.w3c.W3CHttpResponseCodec.decode(W3CHttpResponseCodec.java:53)
at org.openqa.selenium.remote.HttpCommandExecutor.execute(HttpCommandExecutor.java:193)
at org.openqa.selenium.remote.service.DriverCommandExecutor.invokeExecute(DriverCommandExecutor.java:183)
at org.openqa.selenium.remote.service.DriverCommandExecutor.execute(DriverCommandExecutor.java:158)
at org.openqa.selenium.remote.RemoteWebDriver.execute(RemoteWebDriver.java:543)
at org.openqa.selenium.remote.RemoteWebElement.execute(RemoteWebElement.java:257)
at org.openqa.selenium.remote.RemoteWebElement.click(RemoteWebElement.java:78)
at org.openqa.selenium.support.pagefactory.internal.LocatingElementHandler.invoke(LocatingElementHandler.java:52)
at com.sun.proxy.$Proxy13.click(Unknown Source)
at com.gmail.qa.testcases.HomePageTest.setUp(HomePageTest.java:36)
at java.base/java.util.ArrayList.forEach(ArrayList.java:1511)
... Removed 45 stack frames]]>
    </failure>
  </testcase> <!-- @BeforeMethod setUp -->
  <testcase classname="com.gmail.qa.testcases.HomePageTest" name="@AfterMethod tearDown" time="-1.690743059335E9">
    <skipped/>
  </testcase> <!-- @AfterMethod tearDown -->
  <testcase classname="com.gmail.qa.testcases.HomePageTest" name="@BeforeMethod setUp" time="-1.690743059336E9">
    <skipped/>
  </testcase> <!-- @BeforeMethod setUp -->
  <testcase classname="com.gmail.qa.testcases.HomePageTest" name="@AfterMethod tearDown" time="-1.690743059336E9">
    <skipped/>
  </testcase> <!-- @AfterMethod tearDown -->
  <testcase classname="com.gmail.qa.testcases.HomePageTest" name="@BeforeMethod setUp" time="-1.690743059336E9">
    <skipped/>
  </testcase> <!-- @BeforeMethod setUp -->
  <testcase classname="com.gmail.qa.testcases.HomePageTest" name="@AfterMethod tearDown" time="-1.690743059337E9">
    <skipped/>
  </testcase> <!-- @AfterMethod tearDown -->
  <testcase classname="com.gmail.qa.testcases.HomePageTest" name="@BeforeMethod setUp" time="-1.690743059337E9">
    <skipped/>
  </testcase> <!-- @BeforeMethod setUp -->
  <testcase classname="com.gmail.qa.testcases.HomePageTest" name="@AfterMethod tearDown" time="-1.690743059338E9">
    <skipped/>
  </testcase> <!-- @AfterMethod tearDown -->
  <testcase classname="com.gmail.qa.testcases.SecurityPageTest" name="verifySecurityPageTitleTest" time="4.51"/>
  <testcase classname="com.gmail.qa.testcases.HomePageTest" name="verifyHomePageTitleTest" time="0.006"/>
  <testcase classname="com.gmail.qa.testcases.HomePageTest" name="verifyWelcomeLabelTest" time="0.0">
    <skipped/>
  </testcase> <!-- verifyWelcomeLabelTest -->
  <testcase classname="com.gmail.qa.testcases.HomePageTest" name="verifySecurityLinkTest" time="0.0">
    <skipped/>
  </testcase> <!-- verifySecurityLinkTest -->
  <testcase classname="com.gmail.qa.testcases.HomePageTest" name="verifyPeoplesharingLinkTest" time="0.0">
    <skipped/>
  </testcase> <!-- verifyPeoplesharingLinkTest -->
  <testcase classname="com.gmail.qa.testcases.HomePageTest" name="verifyPersonalinfoPageLinkTest" time="0.0">
    <skipped/>
  </testcase> <!-- verifyPersonalinfoPageLinkTest -->
  <testcase classname="com.gmail.qa.testcases.LoginPageTest" name="loginPageTitleTest" time="0.259"/>
  <testcase classname="com.gmail.qa.testcases.LoginPageTest" name="loginTest" time="12.998"/>
</testsuite> <!-- Surefire test -->
